<?xml version="1.0" encoding="UTF-8"?>
<!-- Generated by org.testng.reporters.JUnitReportReporter -->
<testsuite skipped="0" hostname="Developer" name="com.mercuryframework.TestNGExample" tests="2" failures="0" timestamp="19 Nov 2019 03:23:28 GMT" time="2.787" errors="0">
  <testcase name="searchBlouses" time="1.298" classname="com.mercuryframework.TestNGExample"/>
  <testcase name="searchBlouses" time="1.489" classname="com.mercuryframework.TestNGExample"/>
</testsuite> <!-- com.mercuryframework.TestNGExample -->
