<?xml version="1.0" encoding="UTF-8"?>
<!-- Generated by org.testng.reporters.JUnitReportReporter -->
<testsuite skipped="0" hostname="Developer" name="com.mercuryframework.TestNGExample" tests="1" failures="0" timestamp="19 Nov 2019 01:28:44 GMT" time="1.244" errors="0">
  <testcase name="searchBlouses" time="1.244" classname="com.mercuryframework.TestNGExample"/>
</testsuite> <!-- com.mercuryframework.TestNGExample -->
