<?xml version="1.0" encoding="UTF-8"?>
<!-- Generated by org.testng.reporters.JUnitReportReporter -->
<testsuite skipped="0" hostname="Developer" name="com.mercuryframework.Login" tests="2" failures="0" timestamp="19 Nov 2019 02:34:50 GMT" time="8.445" errors="0">
  <testcase name="login" time="4.049" classname="com.mercuryframework.Login"/>
  <testcase name="login" time="4.396" classname="com.mercuryframework.Login"/>
</testsuite> <!-- com.mercuryframework.Login -->
