<?xml version="1.0" encoding="UTF-8"?>
<!-- Generated by org.testng.reporters.JUnitReportReporter -->
<testsuite skipped="0" hostname="Developer" name="com.sample.Sample01.Sample01ApplicationTests" tests="2" failures="0" timestamp="28 Oct 2019 05:07:16 GMT" time="2.075" errors="0">
  <testcase name="facebookTitle" time="0.025" classname="com.sample.Sample01.Sample01ApplicationTests"/>
  <testcase name="facebookLogin" time="2.050" classname="com.sample.Sample01.Sample01ApplicationTests"/>
</testsuite> <!-- com.sample.Sample01.Sample01ApplicationTests -->
