<?xml version="1.0" encoding="UTF-8"?>
<!-- Generated by org.testng.reporters.JUnitReportReporter -->
<testsuite skipped="0" hostname="lstkag230470" name="test.FrameWorkApplication" tests="1" failures="0" timestamp="20 sep 2019 20:52:15 GMT" time="22.830" errors="0">
  <testcase name="KeywordDFTest" time="22.830" classname="test.FrameWorkApplication"/>
</testsuite> <!-- test.FrameWorkApplication -->
