<?xml version="1.0" encoding="UTF-8"?>
<!-- Generated by org.testng.reporters.JUnitReportReporter -->
<testsuite skipped="0" hostname="Developer" name="PageFactory.LoginWithPageFactory" tests="1" failures="0" timestamp="24 Nov 2019 22:37:53 GMT" time="1.145" errors="0">
  <testcase name="testHomePageAppearCorrect" time="1.145" classname="PageFactory.LoginWithPageFactory"/>
</testsuite> <!-- PageFactory.LoginWithPageFactory -->
