<?xml version="1.0" encoding="UTF-8"?>
<!-- Generated by org.testng.reporters.JUnitReportReporter -->
<testsuite skipped="0" hostname="Developer" name="loginPOM" tests="1" failures="0" timestamp="24 Nov 2019 21:47:26 GMT" time="3.002" errors="0">
  <testcase name="testHomePageAppearCorrect" time="3.002" classname="loginPOM"/>
</testsuite> <!-- loginPOM -->
