<?xml version="1.0" encoding="UTF-8"?>
<!-- Generated by org.testng.reporters.JUnitReportReporter -->
<testsuite skipped="0" hostname="Developer" name="POM.loginPOM" tests="1" failures="0" timestamp="24 Nov 2019 21:54:13 GMT" time="3.082" errors="0">
  <testcase name="testHomePageAppearCorrect" time="3.082" classname="POM.loginPOM"/>
</testsuite> <!-- POM.loginPOM -->
